#
# There is insufficient memory for the Java Runtime Environment to continue.
# Native memory allocation (malloc) failed to allocate 451376 bytes. Error detail: Chunk::new
# Possible reasons:
#   The system is out of physical RAM or swap space
#   This process is running with CompressedOops enabled, and the Java Heap may be blocking the growth of the native heap
# Possible solutions:
#   Reduce memory load on the system
#   Increase physical memory or swap space
#   Check if swap backing store is full
#   Decrease Java heap size (-Xmx/-Xms)
#   Decrease number of Java threads
#   Decrease Java thread stack sizes (-Xss)
#   Set larger code cache with -XX:ReservedCodeCacheSize=
#   JVM is running with Unscaled Compressed Oops mode in which the Java heap is
#     placed in the first 4GB address space. The Java Heap base address is the
#     maximum limit for the native heap growth. Please use -XX:HeapBaseMinAddress
#     to set the Java Heap base and to place the Java Heap above 4GB virtual address.
# This output file may be truncated or incomplete.
#
#  Out of Memory Error (arena.cpp:168), pid=4148, tid=41644
#
# JRE version: OpenJDK Runtime Environment Temurin-21.0.9+10 (21.0.9+10) (build 21.0.9+10-LTS)
# Java VM: OpenJDK 64-Bit Server VM Temurin-21.0.9+10 (21.0.9+10-LTS, mixed mode, sharing, tiered, compressed oops, compressed class ptrs, parallel gc, windows-amd64)
# No core dump will be written. Minidumps are not enabled by default on client versions of Windows
#

---------------  S U M M A R Y ------------

Command Line: --add-modules=ALL-SYSTEM --add-opens=java.base/java.util=ALL-UNNAMED --add-opens=java.base/java.lang=ALL-UNNAMED --add-opens=java.base/sun.nio.fs=ALL-UNNAMED -Declipse.application=org.eclipse.jdt.ls.core.id1 -Dosgi.bundles.defaultStartLevel=4 -Declipse.product=org.eclipse.jdt.ls.core.product -Djava.import.generatesMetadataFilesAtProjectRoot=false -DDetectVMInstallationsJob.disabled=true -Dfile.encoding=utf8 -XX:+UseParallelGC -XX:GCTimeRatio=4 -XX:AdaptiveSizePolicyWeight=90 -Dsun.zip.disableMemoryMapping=true -Xmx2G -Xms100m -Xlog:disable -javaagent:c:\Users\ADMIN\.vscode\extensions\redhat.java-1.50.0-win32-x64\lombok\lombok-1.18.39-4050.jar c:\Users\ADMIN\.vscode\extensions\redhat.java-1.50.0-win32-x64\server\plugins\org.eclipse.equinox.launcher_1.7.100.v20251111-0406.jar -configuration c:\Users\ADMIN\AppData\Roaming\Code\User\globalStorage\redhat.java\1.50.0\config_ss_win -data c:\Users\ADMIN\AppData\Roaming\Code\User\workspaceStorage\55690ea5d12bcb45faa06cd8a99a2d73\redhat.java\ss_ws --pipe=\\.\pipe\lsp-ec8c469349b049d78697e5c6c595f963-sock

Host: 12th Gen Intel(R) Core(TM) i9-12900H, 20 cores, 15G,  Windows 11 , 64 bit Build 26100 (10.0.26100.7523)
Time: Fri Dec 26 10:54:45 2025 SE Asia Standard Time elapsed time: 7.266644 seconds (0d 0h 0m 7s)

---------------  T H R E A D  ---------------

Current thread (0x000002648d6b8720):  JavaThread "C2 CompilerThread1" daemon [_thread_in_native, id=41644, stack(0x000000cde2600000,0x000000cde2700000) (1024K)]


Current CompileTask:
C2:7266 2519       4       jdk.internal.org.objectweb.asm.Frame::execute (2305 bytes)

Stack: [0x000000cde2600000,0x000000cde2700000]
Native frames: (J=compiled Java code, j=interpreted, Vv=VM code, C=native code)
V  [jvm.dll+0x6d6e29]
V  [jvm.dll+0x8b4b76]
V  [jvm.dll+0x8b712e]
V  [jvm.dll+0x8b7813]
V  [jvm.dll+0x283d86]
V  [jvm.dll+0xc66ed]
V  [jvm.dll+0xc6c31]
V  [jvm.dll+0x3be501]
V  [jvm.dll+0x38ab92]
V  [jvm.dll+0x389fda]
V  [jvm.dll+0x24bfa0]
V  [jvm.dll+0x24b580]
V  [jvm.dll+0x1cb13e]
V  [jvm.dll+0x25b29d]
V  [jvm.dll+0x25982a]
V  [jvm.dll+0x3f7ea6]
V  [jvm.dll+0x85e9ad]
V  [jvm.dll+0x6d565d]
C  [ucrtbase.dll+0x37b0]
C  [KERNEL32.DLL+0x2e8d7]
C  [ntdll.dll+0x8c3dc]


---------------  P R O C E S S  ---------------

Threads class SMR info:
_java_thread_list=0x000002648f7f0a80, length=19, elements={
0x000002643464fa10, 0x00000264346f53d0, 0x00000264345fdb10, 0x00000264346f8540,
0x00000264346fb0d0, 0x00000264346ff5c0, 0x0000026434701fa0, 0x000002643470c210,
0x000002643470d8c0, 0x000002648d6b8720, 0x000002648d8361e0, 0x000002648f475a90,
0x000002648f7e3d20, 0x00000264942650b0, 0x00000264940822b0, 0x0000026494413f10,
0x00000264944fa3b0, 0x00000264940b8e50, 0x00000264945443e0
}

Java Threads: ( => current thread )
  0x000002643464fa10 JavaThread "main"                              [_thread_blocked, id=40160, stack(0x000000cde1800000,0x000000cde1900000) (1024K)]
  0x00000264346f53d0 JavaThread "Reference Handler"          daemon [_thread_blocked, id=35160, stack(0x000000cde1c00000,0x000000cde1d00000) (1024K)]
  0x00000264345fdb10 JavaThread "Finalizer"                  daemon [_thread_blocked, id=38948, stack(0x000000cde1d00000,0x000000cde1e00000) (1024K)]
  0x00000264346f8540 JavaThread "Signal Dispatcher"          daemon [_thread_blocked, id=3332, stack(0x000000cde1e00000,0x000000cde1f00000) (1024K)]
  0x00000264346fb0d0 JavaThread "Attach Listener"            daemon [_thread_blocked, id=31300, stack(0x000000cde1f00000,0x000000cde2000000) (1024K)]
  0x00000264346ff5c0 JavaThread "Service Thread"             daemon [_thread_blocked, id=33940, stack(0x000000cde2000000,0x000000cde2100000) (1024K)]
  0x0000026434701fa0 JavaThread "Monitor Deflation Thread"   daemon [_thread_blocked, id=26344, stack(0x000000cde2100000,0x000000cde2200000) (1024K)]
  0x000002643470c210 JavaThread "C2 CompilerThread0"         daemon [_thread_blocked, id=19640, stack(0x000000cde2200000,0x000000cde2300000) (1024K)]
  0x000002643470d8c0 JavaThread "C1 CompilerThread0"         daemon [_thread_blocked, id=21476, stack(0x000000cde2300000,0x000000cde2400000) (1024K)]
=>0x000002648d6b8720 JavaThread "C2 CompilerThread1"         daemon [_thread_in_native, id=41644, stack(0x000000cde2600000,0x000000cde2700000) (1024K)]
  0x000002648d8361e0 JavaThread "Common-Cleaner"             daemon [_thread_blocked, id=16012, stack(0x000000cde2700000,0x000000cde2800000) (1024K)]
  0x000002648f475a90 JavaThread "Notification Thread"        daemon [_thread_blocked, id=17448, stack(0x000000cde2900000,0x000000cde2a00000) (1024K)]
  0x000002648f7e3d20 JavaThread "Active Thread: Equinox Container: 8aafb8f5-1c8f-4d23-8891-c7d884855b84"        [_thread_blocked, id=2940, stack(0x000000cde3200000,0x000000cde3300000) (1024K)]
  0x00000264942650b0 JavaThread "Framework Event Dispatcher: Equinox Container: 8aafb8f5-1c8f-4d23-8891-c7d884855b84" daemon [_thread_blocked, id=39028, stack(0x000000cde3300000,0x000000cde3400000) (1024K)]
  0x00000264940822b0 JavaThread "Start Level: Equinox Container: 8aafb8f5-1c8f-4d23-8891-c7d884855b84" daemon [_thread_in_vm, id=19596, stack(0x000000cde3500000,0x000000cde3600000) (1024K)]
  0x0000026494413f10 JavaThread "SCR Component Actor"        daemon [_thread_blocked, id=41184, stack(0x000000cde3600000,0x000000cde3700000) (1024K)]
  0x00000264944fa3b0 JavaThread "Worker-JM"                         [_thread_blocked, id=4180, stack(0x000000cde2b00000,0x000000cde2c00000) (1024K)]
  0x00000264940b8e50 JavaThread "Worker-0: Checking project encoding"        [_thread_blocked, id=12036, stack(0x000000cde2400000,0x000000cde2500000) (1024K)]
  0x00000264945443e0 JavaThread "Worker-1"                          [_thread_blocked, id=22888, stack(0x000000cde2500000,0x000000cde2600000) (1024K)]
Total: 19

Other Threads:
  0x00000264345e4930 VMThread "VM Thread"                           [id=564, stack(0x000000cde1b00000,0x000000cde1c00000) (1024K)]
  0x00000264344dca10 WatcherThread "VM Periodic Task Thread"        [id=34592, stack(0x000000cde1a00000,0x000000cde1b00000) (1024K)]
  0x000002643466e890 WorkerThread "GC Thread#0"                     [id=28532, stack(0x000000cde1900000,0x000000cde1a00000) (1024K)]
  0x000002648f93eb20 WorkerThread "GC Thread#1"                     [id=39084, stack(0x000000cde2c00000,0x000000cde2d00000) (1024K)]
  0x000002648f651550 WorkerThread "GC Thread#2"                     [id=29232, stack(0x000000cde2d00000,0x000000cde2e00000) (1024K)]
  0x000002648f93eec0 WorkerThread "GC Thread#3"                     [id=2792, stack(0x000000cde2e00000,0x000000cde2f00000) (1024K)]
  0x000002648f72c040 WorkerThread "GC Thread#4"                     [id=10776, stack(0x000000cde2f00000,0x000000cde3000000) (1024K)]
  0x000002648f72c3e0 WorkerThread "GC Thread#5"                     [id=28028, stack(0x000000cde3000000,0x000000cde3100000) (1024K)]
  0x000002648f72c780 WorkerThread "GC Thread#6"                     [id=41268, stack(0x000000cde3100000,0x000000cde3200000) (1024K)]
  0x000002649405ed80 WorkerThread "GC Thread#7"                     [id=29348, stack(0x000000cde3400000,0x000000cde3500000) (1024K)]
  0x0000026494736900 WorkerThread "GC Thread#8"                     [id=40396, stack(0x000000cde3700000,0x000000cde3800000) (1024K)]
  0x0000026494736ca0 WorkerThread "GC Thread#9"                     [id=37524, stack(0x000000cde3800000,0x000000cde3900000) (1024K)]
Total: 12

Threads with active compile tasks:
C2 CompilerThread1  7289 2519       4       jdk.internal.org.objectweb.asm.Frame::execute (2305 bytes)
Total: 1

VM state: not at safepoint (normal execution)

VM Mutex/Monitor currently owned by a thread:  ([mutex/lock_event])
[0x00007fff3c62b4f0] Metaspace_lock - owner thread: 0x00000264940822b0

Heap address: 0x0000000080000000, size: 2048 MB, Compressed Oops mode: 32-bit

CDS archive(s) mapped at: [0x000002644b000000-0x000002644bba0000-0x000002644bba0000), size 12189696, SharedBaseAddress: 0x000002644b000000, ArchiveRelocationMode: 1.
Compressed class space mapped at: 0x000002644c000000-0x000002648c000000, reserved size: 1073741824
Narrow klass base: 0x000002644b000000, Narrow klass shift: 0, Narrow klass range: 0x100000000

GC Precious Log:
 CardTable entry size: 512
 CPUs: 20 total, 20 available
 Memory: 16108M
 Large Page Support: Disabled
 NUMA Support: Disabled
 Compressed Oops: Enabled (32-bit)
 Alignments: Space 512K, Generation 512K, Heap 2M
 Heap Min Capacity: 100M
 Heap Initial Capacity: 100M
 Heap Max Capacity: 2G
 Pre-touch: Disabled
 Parallel Workers: 15

Heap:
 PSYoungGen      total 29696K, used 16492K [0x00000000d5580000, 0x00000000d7680000, 0x0000000100000000)
  eden space 25600K, 48% used [0x00000000d5580000,0x00000000d61a1da0,0x00000000d6e80000)
  from space 4096K, 99% used [0x00000000d6e80000,0x00000000d7279638,0x00000000d7280000)
  to   space 4096K, 0% used [0x00000000d7280000,0x00000000d7280000,0x00000000d7680000)
 ParOldGen       total 68608K, used 2537K [0x0000000080000000, 0x0000000084300000, 0x00000000d5580000)
  object space 68608K, 3% used [0x0000000080000000,0x000000008027a748,0x0000000084300000)
 Metaspace       used 14539K, committed 15040K, reserved 1114112K
  class space    used 1538K, committed 1792K, reserved 1048576K

Card table byte_map: [0x0000026433ff0000,0x0000026434400000] _byte_map_base: 0x0000026433bf0000

Marking Bits: (ParMarkBitMap*) 0x00007fff3c632460
 Begin Bits: [0x0000026446b00000, 0x0000026448b00000)
 End Bits:   [0x0000026448b00000, 0x000002644ab00000)

Polling page: 0x00000264327f0000

Metaspace:

Usage:
  Non-class:     12.70 MB used.
      Class:      1.50 MB used.
       Both:     14.20 MB used.

Virtual space:
  Non-class space:       64.00 MB reserved,      12.94 MB ( 20%) committed,  1 nodes.
      Class space:        1.00 GB reserved,       1.75 MB ( <1%) committed,  1 nodes.
             Both:        1.06 GB reserved,      14.69 MB (  1%) committed. 

Chunk freelists:
   Non-Class:  2.17 MB
       Class:  14.29 MB
        Both:  16.46 MB

MaxMetaspaceSize: unlimited
CompressedClassSpaceSize: 1.00 GB
Initial GC threshold: 21.00 MB
Current GC threshold: 21.00 MB
CDS: on
 - commit_granule_bytes: 65536.
 - commit_granule_words: 8192.
 - virtual_space_node_default_size: 8388608.
 - enlarge_chunks_in_place: 1.
 - use_allocation_guard: 0.


Internal statistics:

num_allocs_failed_limit: 0.
num_arena_births: 452.
num_arena_deaths: 0.
num_vsnodes_births: 2.
num_vsnodes_deaths: 0.
num_space_committed: 235.
num_space_uncommitted: 0.
num_chunks_returned_to_freelist: 0.
num_chunks_taken_from_freelist: 964.
num_chunk_merges: 0.
num_chunk_splits: 611.
num_chunks_enlarged: 380.
num_inconsistent_stats: 0.

CodeHeap 'non-profiled nmethods': size=119168Kb used=999Kb max_used=999Kb free=118168Kb
 bounds [0x000002643f3f0000, 0x000002643f660000, 0x0000026446850000]
CodeHeap 'profiled nmethods': size=119104Kb used=4972Kb max_used=4972Kb free=114131Kb
 bounds [0x0000026437850000, 0x0000026437d30000, 0x000002643eca0000]
CodeHeap 'non-nmethods': size=7488Kb used=1260Kb max_used=2975Kb free=6227Kb
 bounds [0x000002643eca0000, 0x000002643ef90000, 0x000002643f3f0000]
CodeCache: size=245760Kb, used=7231Kb, max_used=8946Kb, free=238526Kb
 total_blobs=3093, nmethods=2561, adapters=438, full_count=0
Compilation: enabled, stopped_count=0, restarted_count=0

Compilation events (20 events):
Event: 4.232 Thread 0x000002643470d8c0 nmethod 2515 0x0000026437d1a390 code [0x0000026437d1a520, 0x0000026437d1a640]
Event: 4.241 Thread 0x000002643470d8c0 2516       3       java.util.ArrayDeque::contains (80 bytes)
Event: 4.241 Thread 0x000002643470d8c0 nmethod 2516 0x0000026437d1a710 code [0x0000026437d1a900, 0x0000026437d1ad70]
Event: 4.243 Thread 0x000002648d6b8720 2519       4       jdk.internal.org.objectweb.asm.Frame::execute (2305 bytes)
Event: 4.243 Thread 0x000002648d6b1000 2522       3       jdk.internal.org.objectweb.asm.MethodWriter::visitLdcInsn (215 bytes)
Event: 4.244 Thread 0x000002648d6b1000 nmethod 2522 0x0000026437d1af10 code [0x0000026437d1b1a0, 0x0000026437d1bc28]
Event: 4.245 Thread 0x000002643470d8c0 2523       3       java.util.stream.StreamSupport::stream (19 bytes)
Event: 4.245 Thread 0x000002648d6b1000 2524       3       java.util.stream.ReferencePipeline$Head::<init> (8 bytes)
Event: 4.245 Thread 0x000002643470d8c0 nmethod 2523 0x0000026437d1c090 code [0x0000026437d1c280, 0x0000026437d1c6b0]
Event: 4.245 Thread 0x000002648d6b1000 nmethod 2524 0x0000026437d1c890 code [0x0000026437d1ca40, 0x0000026437d1cbd8]
Event: 4.245 Thread 0x000002643470d8c0 2525       3       java.util.stream.ReferencePipeline::<init> (8 bytes)
Event: 4.245 Thread 0x000002643470d8c0 nmethod 2525 0x0000026437d1cc90 code [0x0000026437d1ce40, 0x0000026437d1cf78]
Event: 4.430 Thread 0x000002643470d8c0 2527       3       java.util.concurrent.Semaphore$NonfairSync::tryAcquireShared (6 bytes)
Event: 4.430 Thread 0x000002648d6b1000 2528       3       java.util.concurrent.Semaphore$Sync::nonfairTryAcquireShared (27 bytes)
Event: 4.430 Thread 0x000002643470d8c0 nmethod 2527 0x0000026437d1d010 code [0x0000026437d1d1c0, 0x0000026437d1d2f8]
Event: 4.430 Thread 0x000002648d6b1000 nmethod 2528 0x0000026437d1d390 code [0x0000026437d1d540, 0x0000026437d1d790]
Event: 5.005 Thread 0x000002643470c210 2529       4       java.lang.invoke.DirectMethodHandle::internalMemberName (8 bytes)
Event: 5.005 Thread 0x000002643470c210 nmethod 2529 0x000002643f4e6890 code [0x000002643f4e6a20, 0x000002643f4e6ac8]
Event: 5.251 Thread 0x000002643470d8c0 2530       3       java.lang.Integer::toHexString (6 bytes)
Event: 5.252 Thread 0x000002643470d8c0 nmethod 2530 0x0000026437d1d890 code [0x0000026437d1da40, 0x0000026437d1db60]

GC Heap History (6 events):
Event: 2.498 GC heap before
{Heap before GC invocations=1 (full 0):
 PSYoungGen      total 29696K, used 25600K [0x00000000d5580000, 0x00000000d7680000, 0x0000000100000000)
  eden space 25600K, 100% used [0x00000000d5580000,0x00000000d6e80000,0x00000000d6e80000)
  from space 4096K, 0% used [0x00000000d7280000,0x00000000d7280000,0x00000000d7680000)
  to   space 4096K, 0% used [0x00000000d6e80000,0x00000000d6e80000,0x00000000d7280000)
 ParOldGen       total 68608K, used 0K [0x0000000080000000, 0x0000000084300000, 0x00000000d5580000)
  object space 68608K, 0% used [0x0000000080000000,0x0000000080000000,0x0000000084300000)
 Metaspace       used 4136K, committed 4416K, reserved 1114112K
  class space    used 452K, committed 576K, reserved 1048576K
}
Event: 2.502 GC heap after
{Heap after GC invocations=1 (full 0):
 PSYoungGen      total 29696K, used 3707K [0x00000000d5580000, 0x00000000d7680000, 0x0000000100000000)
  eden space 25600K, 0% used [0x00000000d5580000,0x00000000d5580000,0x00000000d6e80000)
  from space 4096K, 90% used [0x00000000d6e80000,0x00000000d721efd8,0x00000000d7280000)
  to   space 4096K, 0% used [0x00000000d7280000,0x00000000d7280000,0x00000000d7680000)
 ParOldGen       total 68608K, used 16K [0x0000000080000000, 0x0000000084300000, 0x00000000d5580000)
  object space 68608K, 0% used [0x0000000080000000,0x0000000080004000,0x0000000084300000)
 Metaspace       used 4136K, committed 4416K, reserved 1114112K
  class space    used 452K, committed 576K, reserved 1048576K
}
Event: 2.802 GC heap before
{Heap before GC invocations=2 (full 0):
 PSYoungGen      total 29696K, used 29307K [0x00000000d5580000, 0x00000000d7680000, 0x0000000100000000)
  eden space 25600K, 100% used [0x00000000d5580000,0x00000000d6e80000,0x00000000d6e80000)
  from space 4096K, 90% used [0x00000000d6e80000,0x00000000d721efd8,0x00000000d7280000)
  to   space 4096K, 0% used [0x00000000d7280000,0x00000000d7280000,0x00000000d7680000)
 ParOldGen       total 68608K, used 16K [0x0000000080000000, 0x0000000084300000, 0x00000000d5580000)
  object space 68608K, 0% used [0x0000000080000000,0x0000000080004000,0x0000000084300000)
 Metaspace       used 8001K, committed 8320K, reserved 1114112K
  class space    used 841K, committed 960K, reserved 1048576K
}
Event: 2.805 GC heap after
{Heap after GC invocations=2 (full 0):
 PSYoungGen      total 29696K, used 4070K [0x00000000d5580000, 0x00000000d7680000, 0x0000000100000000)
  eden space 25600K, 0% used [0x00000000d5580000,0x00000000d5580000,0x00000000d6e80000)
  from space 4096K, 99% used [0x00000000d7280000,0x00000000d7679800,0x00000000d7680000)
  to   space 4096K, 0% used [0x00000000d6e80000,0x00000000d6e80000,0x00000000d7280000)
 ParOldGen       total 68608K, used 833K [0x0000000080000000, 0x0000000084300000, 0x00000000d5580000)
  object space 68608K, 1% used [0x0000000080000000,0x00000000800d06a8,0x0000000084300000)
 Metaspace       used 8001K, committed 8320K, reserved 1114112K
  class space    used 841K, committed 960K, reserved 1048576K
}
Event: 3.071 GC heap before
{Heap before GC invocations=3 (full 0):
 PSYoungGen      total 29696K, used 29670K [0x00000000d5580000, 0x00000000d7680000, 0x0000000100000000)
  eden space 25600K, 100% used [0x00000000d5580000,0x00000000d6e80000,0x00000000d6e80000)
  from space 4096K, 99% used [0x00000000d7280000,0x00000000d7679800,0x00000000d7680000)
  to   space 4096K, 0% used [0x00000000d6e80000,0x00000000d6e80000,0x00000000d7280000)
 ParOldGen       total 68608K, used 833K [0x0000000080000000, 0x0000000084300000, 0x00000000d5580000)
  object space 68608K, 1% used [0x0000000080000000,0x00000000800d06a8,0x0000000084300000)
 Metaspace       used 12776K, committed 13248K, reserved 1114112K
  class space    used 1355K, committed 1600K, reserved 1048576K
}
Event: 3.073 GC heap after
{Heap after GC invocations=3 (full 0):
 PSYoungGen      total 29696K, used 4069K [0x00000000d5580000, 0x00000000d7680000, 0x0000000100000000)
  eden space 25600K, 0% used [0x00000000d5580000,0x00000000d5580000,0x00000000d6e80000)
  from space 4096K, 99% used [0x00000000d6e80000,0x00000000d7279638,0x00000000d7280000)
  to   space 4096K, 0% used [0x00000000d7280000,0x00000000d7280000,0x00000000d7680000)
 ParOldGen       total 68608K, used 2537K [0x0000000080000000, 0x0000000084300000, 0x00000000d5580000)
  object space 68608K, 3% used [0x0000000080000000,0x000000008027a748,0x0000000084300000)
 Metaspace       used 12776K, committed 13248K, reserved 1114112K
  class space    used 1355K, committed 1600K, reserved 1048576K
}

Dll operation events (9 events):
Event: 0.010 Loaded shared library c:\Users\ADMIN\.vscode\extensions\redhat.java-1.50.0-win32-x64\jre\21.0.9-win32-x86_64\bin\java.dll
Event: 0.056 Loaded shared library c:\Users\ADMIN\.vscode\extensions\redhat.java-1.50.0-win32-x64\jre\21.0.9-win32-x86_64\bin\zip.dll
Event: 0.073 Loaded shared library C:\Users\ADMIN\.vscode\extensions\redhat.java-1.50.0-win32-x64\jre\21.0.9-win32-x86_64\bin\instrument.dll
Event: 0.076 Loaded shared library C:\Users\ADMIN\.vscode\extensions\redhat.java-1.50.0-win32-x64\jre\21.0.9-win32-x86_64\bin\net.dll
Event: 0.078 Loaded shared library C:\Users\ADMIN\.vscode\extensions\redhat.java-1.50.0-win32-x64\jre\21.0.9-win32-x86_64\bin\nio.dll
Event: 0.080 Loaded shared library C:\Users\ADMIN\.vscode\extensions\redhat.java-1.50.0-win32-x64\jre\21.0.9-win32-x86_64\bin\zip.dll
Event: 0.096 Loaded shared library C:\Users\ADMIN\.vscode\extensions\redhat.java-1.50.0-win32-x64\jre\21.0.9-win32-x86_64\bin\jimage.dll
Event: 0.155 Loaded shared library c:\Users\ADMIN\.vscode\extensions\redhat.java-1.50.0-win32-x64\jre\21.0.9-win32-x86_64\bin\verify.dll
Event: 2.813 Loaded shared library C:\Users\ADMIN\AppData\Roaming\Code\User\globalStorage\redhat.java\1.50.0\config_ss_win\org.eclipse.equinox.launcher\org.eclipse.equinox.launcher.win32.win32.x86_64_1.2.1400.v20250801-0854\eclipse_11916.dll

Deoptimization events (20 events):
Event: 3.006 Thread 0x00000264940822b0 Uncommon trap: trap_request=0xffffff45 fr.pc=0x000002643f44e9dc relative=0x000000000000047c
Event: 3.006 Thread 0x00000264940822b0 Uncommon trap: reason=unstable_if action=reinterpret pc=0x000002643f44e9dc method=java.util.jar.Manifest$FastInputStream.readLine([BII)I @ 106 c2
Event: 3.006 Thread 0x00000264940822b0 DEOPT PACKING pc=0x000002643f44e9dc sp=0x000000cde35fdcd0
Event: 3.006 Thread 0x00000264940822b0 DEOPT UNPACKING pc=0x000002643ecf3aa2 sp=0x000000cde35fdc80 mode 2
Event: 3.006 Thread 0x00000264940822b0 Uncommon trap: trap_request=0xffffff45 fr.pc=0x000002643f4555d8 relative=0x00000000000000b8
Event: 3.006 Thread 0x00000264940822b0 Uncommon trap: reason=unstable_if action=reinterpret pc=0x000002643f4555d8 method=java.util.jar.Manifest$FastInputStream.peek()B @ 23 c2
Event: 3.006 Thread 0x00000264940822b0 DEOPT PACKING pc=0x000002643f4555d8 sp=0x000000cde35fdda0
Event: 3.006 Thread 0x00000264940822b0 DEOPT UNPACKING pc=0x000002643ecf3aa2 sp=0x000000cde35fdd38 mode 2
Event: 3.089 Thread 0x00000264940822b0 Uncommon trap: trap_request=0xffffff45 fr.pc=0x000002643f4462f0 relative=0x0000000000000e70
Event: 3.089 Thread 0x00000264940822b0 Uncommon trap: reason=unstable_if action=reinterpret pc=0x000002643f4462f0 method=lombok.patcher.PatchScript.classMatches(Ljava/lang/String;Ljava/util/Collection;)Z @ 25 c2
Event: 3.089 Thread 0x00000264940822b0 DEOPT PACKING pc=0x000002643f4462f0 sp=0x000000cde35f6af0
Event: 3.089 Thread 0x00000264940822b0 DEOPT UNPACKING pc=0x000002643ecf3aa2 sp=0x000000cde35f6ab0 mode 2
Event: 3.143 Thread 0x00000264940822b0 Uncommon trap: trap_request=0xffffff45 fr.pc=0x000002643f4d7e64 relative=0x0000000000001144
Event: 3.143 Thread 0x00000264940822b0 Uncommon trap: reason=unstable_if action=reinterpret pc=0x000002643f4d7e64 method=java.util.Properties.loadConvert([CIILjava/lang/StringBuilder;)Ljava/lang/String; @ 491 c2
Event: 3.143 Thread 0x00000264940822b0 DEOPT PACKING pc=0x000002643f4d7e64 sp=0x000000cde35f7880
Event: 3.143 Thread 0x00000264940822b0 DEOPT UNPACKING pc=0x000002643ecf3aa2 sp=0x000000cde35f7870 mode 2
Event: 3.164 Thread 0x00000264940822b0 Uncommon trap: trap_request=0xffffff45 fr.pc=0x000002643f42bb74 relative=0x0000000000000054
Event: 3.164 Thread 0x00000264940822b0 Uncommon trap: reason=unstable_if action=reinterpret pc=0x000002643f42bb74 method=java.lang.CharacterData.of(I)Ljava/lang/CharacterData; @ 4 c2
Event: 3.164 Thread 0x00000264940822b0 DEOPT PACKING pc=0x000002643f42bb74 sp=0x000000cde35f8bf0
Event: 3.164 Thread 0x00000264940822b0 DEOPT UNPACKING pc=0x000002643ecf3aa2 sp=0x000000cde35f8b88 mode 2

Classes loaded (20 events):
Event: 3.167 Loading class java/text/MessageFormat$Field
Event: 3.167 Loading class java/text/MessageFormat$Field done
Event: 4.194 Loading class java/util/stream/SortedOps
Event: 4.194 Loading class java/util/stream/SortedOps done
Event: 4.194 Loading class java/util/stream/SortedOps$OfRef
Event: 4.194 Loading class java/util/stream/ReferencePipeline$StatefulOp
Event: 4.195 Loading class java/util/stream/ReferencePipeline$StatefulOp done
Event: 4.195 Loading class java/util/stream/SortedOps$OfRef done
Event: 4.195 Loading class java/util/stream/SortedOps$RefSortingSink
Event: 4.195 Loading class java/util/stream/SortedOps$AbstractRefSortingSink
Event: 4.195 Loading class java/util/stream/SortedOps$AbstractRefSortingSink done
Event: 4.195 Loading class java/util/stream/SortedOps$RefSortingSink done
Event: 4.211 Loading class java/util/zip/ZipOutputStream
Event: 4.212 Loading class java/util/zip/DeflaterOutputStream
Event: 4.212 Loading class java/util/zip/DeflaterOutputStream done
Event: 4.212 Loading class java/util/zip/ZipOutputStream done
Event: 4.212 Loading class java/util/concurrent/ExecutionException
Event: 4.212 Loading class java/util/concurrent/ExecutionException done
Event: 4.246 Loading class java/io/FilenameFilter
Event: 4.246 Loading class java/io/FilenameFilter done

Classes unloaded (0 events):
No events

Classes redefined (0 events):
No events

Internal exceptions (20 events):
Event: 2.708 Thread 0x000002643464fa10 Exception <a 'java/lang/NoSuchMethodError'{0x00000000d660cb38}: 'void java.lang.invoke.DirectMethodHandle$Holder.invokeStaticInit(java.lang.Object, java.lang.Object)'> (0x00000000d660cb38) 
thrown [s\src\hotspot\share\interpreter\linkResolver.cpp, line 773]
Event: 2.709 Thread 0x000002643464fa10 Exception <a 'java/lang/NoSuchMethodError'{0x00000000d6615d70}: 'int java.lang.invoke.DirectMethodHandle$Holder.invokeStaticInit(java.lang.Object, java.lang.Object)'> (0x00000000d6615d70) 
thrown [s\src\hotspot\share\interpreter\linkResolver.cpp, line 773]
Event: 2.728 Thread 0x000002643464fa10 Exception <a 'java/lang/NoSuchMethodError'{0x00000000d6869b40}: 'java.lang.Object java.lang.invoke.DirectMethodHandle$Holder.newInvokeSpecial(java.lang.Object, int, java.lang.Object)'> (0x00000000d6869b40) 
thrown [s\src\hotspot\share\interpreter\linkResolver.cpp, line 773]
Event: 2.746 Thread 0x000002643464fa10 Exception <a 'java/lang/ClassNotFoundException'{0x00000000d6a83e20}: sun/net/www/protocol/plurl/Handler> (0x00000000d6a83e20) 
thrown [s\src\hotspot\share\classfile\systemDictionary.cpp, line 312]
Event: 2.746 Thread 0x000002643464fa10 Exception <a 'java/lang/ClassNotFoundException'{0x00000000d6a84ca0}: sun/net/www/protocol/plurl/Handler> (0x00000000d6a84ca0) 
thrown [s\src\hotspot\share\classfile\systemDictionary.cpp, line 312]
Event: 2.810 Thread 0x000002643464fa10 Exception <a 'java/lang/UnsatisfiedLinkError'{0x00000000d558d650}: 'void org.eclipse.equinox.launcher.JNIBridge._update_splash()'> (0x00000000d558d650) 
thrown [s\src\hotspot\share\prims\nativeLookup.cpp, line 415]
Event: 2.849 Thread 0x00000264940822b0 Exception <a 'java/lang/NullPointerException'{0x00000000d59633c0}> (0x00000000d59633c0) 
thrown [s\src\hotspot\share\interpreter\linkResolver.cpp, line 1372]
Event: 2.849 Thread 0x00000264940822b0 Exception <a 'java/lang/NullPointerException'{0x00000000d59636a0}> (0x00000000d59636a0) 
thrown [s\src\hotspot\share\interpreter\linkResolver.cpp, line 1372]
Event: 2.932 Thread 0x00000264940822b0 Exception <a 'java/lang/NoSuchMethodError'{0x00000000d62a8018}: 'long java.lang.invoke.DirectMethodHandle$Holder.invokeSpecial(java.lang.Object, java.lang.Object)'> (0x00000000d62a8018) 
thrown [s\src\hotspot\share\interpreter\linkResolver.cpp, line 773]
Event: 2.957 Thread 0x00000264940822b0 Exception <a 'java/io/FileNotFoundException'{0x00000000d649c0d0}> (0x00000000d649c0d0) 
thrown [s\src\hotspot\share\prims\jni.cpp, line 520]
Event: 2.999 Thread 0x00000264940822b0 Exception <a 'java/lang/NoSuchMethodError'{0x00000000d678cbc8}: 'java.lang.Object java.lang.invoke.Invokers$Holder.linkToTargetMethod(java.lang.Object, long, java.lang.Object)'> (0x00000000d678cbc8) 
thrown [s\src\hotspot\share\interpreter\linkResolver.cpp, line 773]
Event: 3.034 Thread 0x00000264940822b0 Exception <a 'java/lang/NoSuchMethodError'{0x00000000d6b2c660}: 'void java.lang.invoke.DirectMethodHandle$Holder.invokeInterface(java.lang.Object, java.lang.Object, java.lang.Object)'> (0x00000000d6b2c660) 
thrown [s\src\hotspot\share\interpreter\linkResolver.cpp, line 773]
Event: 3.053 Thread 0x00000264940822b0 Exception <a 'java/lang/NoSuchMethodError'{0x00000000d6d37c78}: 'void java.lang.invoke.Invokers$Holder.invokeExact_MT(java.lang.Object, java.lang.Object, java.lang.Object)'> (0x00000000d6d37c78) 
thrown [s\src\hotspot\share\interpreter\linkResolver.cpp, line 773]
Event: 3.102 Thread 0x00000264940822b0 Exception <a 'java/lang/NoSuchMethodError'{0x00000000d5756498}: 'java.lang.Object java.lang.invoke.DirectMethodHandle$Holder.invokeVirtual(java.lang.Object, java.lang.Object, java.lang.Object)'> (0x00000000d5756498) 
thrown [s\src\hotspot\share\interpreter\linkResolver.cpp, line 773]
Event: 3.103 Thread 0x00000264940822b0 Exception <a 'java/lang/NoSuchMethodError'{0x00000000d576e830}: 'java.lang.Object java.lang.invoke.DelegatingMethodHandle$Holder.reinvoke_L(java.lang.Object, java.lang.Object, java.lang.Object, java.lang.Object, int, int)'> (0x00000000d576e830) 
thrown [s\src\hotspot\share\interpreter\linkResolver.cpp, line 773]
Event: 3.104 Thread 0x00000264940822b0 Exception <a 'java/lang/NoSuchMethodError'{0x00000000d57d95a0}: 'java.lang.Object java.lang.invoke.DirectMethodHandle$Holder.newInvokeSpecial(java.lang.Object, java.lang.Object, java.lang.Object, java.lang.Object, java.lang.Object, java.lang.Object)'> (0x00000000d57d95a0) 
thrown [s\src\hotspot\share\interpreter\linkResolver.cpp, line 773]
Event: 3.106 Thread 0x00000264940822b0 Exception <a 'java/lang/NoSuchMethodError'{0x00000000d5805a50}: 'void java.lang.invoke.Invokers$Holder.invokeExact_MT(java.lang.Object, java.lang.Object, java.lang.Object, java.lang.Object)'> (0x00000000d5805a50) 
thrown [s\src\hotspot\share\interpreter\linkResolver.cpp, line 773]
Event: 3.139 Thread 0x00000264940822b0 Exception <a 'java/io/FileNotFoundException'{0x00000000d59545d8}> (0x00000000d59545d8) 
thrown [s\src\hotspot\share\prims\jni.cpp, line 520]
Event: 3.139 Thread 0x00000264940822b0 Exception <a 'java/io/FileNotFoundException'{0x00000000d595bd98}> (0x00000000d595bd98) 
thrown [s\src\hotspot\share\prims\jni.cpp, line 520]
Event: 4.245 Thread 0x00000264940822b0 Exception <a 'java/lang/NoSuchMethodError'{0x00000000d5f1f698}: 'java.lang.Object java.lang.invoke.DirectMethodHandle$Holder.newInvokeSpecial(java.lang.Object, java.lang.Object, java.lang.Object, java.lang.Object, java.lang.Object)'> (0x00000000d5f1f698) 
thrown [s\src\hotspot\share\interpreter\linkResolver.cpp, line 773]

ZGC Phase Switch (0 events):
No events

VM Operations (20 events):
Event: 2.757 Executing VM operation: ICBufferFull
Event: 2.757 Executing VM operation: ICBufferFull done
Event: 2.802 Executing VM operation: ParallelGCFailedAllocation (Allocation Failure)
Event: 2.805 Executing VM operation: ParallelGCFailedAllocation (Allocation Failure) done
Event: 2.898 Executing VM operation: HandshakeAllThreads (Deoptimize)
Event: 2.898 Executing VM operation: HandshakeAllThreads (Deoptimize) done
Event: 3.019 Executing VM operation: HandshakeAllThreads (Deoptimize)
Event: 3.019 Executing VM operation: HandshakeAllThreads (Deoptimize) done
Event: 3.071 Executing VM operation: ParallelGCFailedAllocation (Allocation Failure)
Event: 3.073 Executing VM operation: ParallelGCFailedAllocation (Allocation Failure) done
Event: 3.150 Executing VM operation: HandshakeAllThreads (Deoptimize)
Event: 3.150 Executing VM operation: HandshakeAllThreads (Deoptimize) done
Event: 3.153 Executing VM operation: HandshakeAllThreads (Deoptimize)
Event: 3.153 Executing VM operation: HandshakeAllThreads (Deoptimize) done
Event: 3.165 Executing VM operation: HandshakeAllThreads (Deoptimize)
Event: 3.165 Executing VM operation: HandshakeAllThreads (Deoptimize) done
Event: 4.178 Executing VM operation: Cleanup
Event: 4.178 Executing VM operation: Cleanup done
Event: 5.181 Executing VM operation: Cleanup
Event: 5.181 Executing VM operation: Cleanup done

Memory protections (0 events):
No events

Nmethod flushes (0 events):
No events

Events (20 events):
Event: 0.032 Thread 0x000002643464fa10 Thread added: 0x000002643470c210
Event: 0.032 Thread 0x000002643464fa10 Thread added: 0x000002643470d8c0
Event: 0.054 Thread 0x000002643470d8c0 Thread added: 0x000002648d6b1000
Event: 0.055 Thread 0x000002643470d8c0 Thread added: 0x000002648d6b2620
Event: 0.061 Thread 0x000002643470c210 Thread added: 0x000002648d6b8720
Event: 0.074 Thread 0x000002643464fa10 Thread added: 0x000002648d8361e0
Event: 0.103 Thread 0x000002648d6b1000 Thread added: 0x000002648f41a410
Event: 0.223 Thread 0x000002643464fa10 Thread added: 0x000002648f475a90
Event: 0.280 Thread 0x000002648f41a410 Thread added: 0x000002648f50df60
Event: 1.328 Thread 0x000002648f41a410 Thread added: 0x000002648f95f370
Event: 2.713 Thread 0x000002643464fa10 Thread added: 0x000002648f7e3d20
Event: 2.799 Thread 0x000002643464fa10 Thread added: 0x00000264942650b0
Event: 2.806 Thread 0x000002643464fa10 Thread added: 0x00000264940822b0
Event: 2.892 Thread 0x00000264940822b0 Thread added: 0x0000026494413f10
Event: 2.931 Thread 0x000002648f95f370 Thread exited: 0x000002648f95f370
Event: 3.038 Thread 0x00000264940822b0 Thread added: 0x00000264944fa3b0
Event: 4.181 Thread 0x000002648f41a410 Thread exited: 0x000002648f41a410
Event: 4.181 Thread 0x000002648d6b2620 Thread exited: 0x000002648d6b2620
Event: 4.430 Thread 0x000002648f50df60 Thread exited: 0x000002648f50df60
Event: 5.005 Thread 0x000002648d6b1000 Thread exited: 0x000002648d6b1000


Dynamic libraries:
0x00007ff7549b0000 - 0x00007ff7549be000 	c:\Users\ADMIN\.vscode\extensions\redhat.java-1.50.0-win32-x64\jre\21.0.9-win32-x86_64\bin\java.exe
0x00007ff819d00000 - 0x00007ff819f67000 	C:\WINDOWS\SYSTEM32\ntdll.dll
0x00007ff8192b0000 - 0x00007ff819379000 	C:\WINDOWS\System32\KERNEL32.DLL
0x00007ff8172c0000 - 0x00007ff8176b1000 	C:\WINDOWS\System32\KERNELBASE.dll
0x00007ff8177f0000 - 0x00007ff81793b000 	C:\WINDOWS\System32\ucrtbase.dll
0x00007fffcf6d0000 - 0x00007fffcf6e8000 	c:\Users\ADMIN\.vscode\extensions\redhat.java-1.50.0-win32-x64\jre\21.0.9-win32-x86_64\bin\jli.dll
0x00007fffcf6b0000 - 0x00007fffcf6ce000 	c:\Users\ADMIN\.vscode\extensions\redhat.java-1.50.0-win32-x64\jre\21.0.9-win32-x86_64\bin\VCRUNTIME140.dll
0x00007ff8190e0000 - 0x00007ff8192a5000 	C:\WINDOWS\System32\USER32.dll
0x00007ff817290000 - 0x00007ff8172b7000 	C:\WINDOWS\System32\win32u.dll
0x00007fffdbee0000 - 0x00007fffdc173000 	C:\WINDOWS\WinSxS\amd64_microsoft.windows.common-controls_6595b64144ccf1df_6.0.26100.7344_none_3e0a71fae332857b\COMCTL32.dll
0x00007ff819070000 - 0x00007ff81909b000 	C:\WINDOWS\System32\GDI32.dll
0x00007ff818d70000 - 0x00007ff818e19000 	C:\WINDOWS\System32\msvcrt.dll
0x00007ff8176c0000 - 0x00007ff8177eb000 	C:\WINDOWS\System32\gdi32full.dll
0x00007ff8179f0000 - 0x00007ff817a93000 	C:\WINDOWS\System32\msvcp_win.dll
0x00007ff8190a0000 - 0x00007ff8190d1000 	C:\WINDOWS\System32\IMM32.DLL
0x00007fffd0a80000 - 0x00007fffd0a8c000 	c:\Users\ADMIN\.vscode\extensions\redhat.java-1.50.0-win32-x64\jre\21.0.9-win32-x86_64\bin\vcruntime140_1.dll
0x00007fff9db90000 - 0x00007fff9dc1d000 	c:\Users\ADMIN\.vscode\extensions\redhat.java-1.50.0-win32-x64\jre\21.0.9-win32-x86_64\bin\msvcp140.dll
0x00007fff3b970000 - 0x00007fff3c710000 	c:\Users\ADMIN\.vscode\extensions\redhat.java-1.50.0-win32-x64\jre\21.0.9-win32-x86_64\bin\server\jvm.dll
0x00007ff819790000 - 0x00007ff819844000 	C:\WINDOWS\System32\ADVAPI32.dll
0x00007ff819390000 - 0x00007ff819436000 	C:\WINDOWS\System32\sechost.dll
0x00007ff819670000 - 0x00007ff819788000 	C:\WINDOWS\System32\RPCRT4.dll
0x00007ff819440000 - 0x00007ff8194b4000 	C:\WINDOWS\System32\WS2_32.dll
0x00007ff815a40000 - 0x00007ff815a9e000 	C:\WINDOWS\SYSTEM32\POWRPROF.dll
0x00007ff80cf80000 - 0x00007ff80cf8b000 	C:\WINDOWS\SYSTEM32\VERSION.dll
0x00007ff80ac80000 - 0x00007ff80acb5000 	C:\WINDOWS\SYSTEM32\WINMM.dll
0x00007ff815a20000 - 0x00007ff815a34000 	C:\WINDOWS\SYSTEM32\UMPDC.dll
0x00007ff815c60000 - 0x00007ff815c7b000 	C:\WINDOWS\SYSTEM32\kernel.appcore.dll
0x00007fffcf480000 - 0x00007fffcf48a000 	c:\Users\ADMIN\.vscode\extensions\redhat.java-1.50.0-win32-x64\jre\21.0.9-win32-x86_64\bin\jimage.dll
0x00007ff8144d0000 - 0x00007ff814712000 	C:\WINDOWS\SYSTEM32\DBGHELP.DLL
0x00007ff8198c0000 - 0x00007ff819c44000 	C:\WINDOWS\System32\combase.dll
0x00007ff818c90000 - 0x00007ff818d67000 	C:\WINDOWS\System32\OLEAUT32.dll
0x00007ffff8b00000 - 0x00007ffff8b3b000 	C:\WINDOWS\SYSTEM32\dbgcore.DLL
0x00007ff817940000 - 0x00007ff8179e5000 	C:\WINDOWS\System32\bcryptPrimitives.dll
0x00007fffd0a20000 - 0x00007fffd0a2f000 	c:\Users\ADMIN\.vscode\extensions\redhat.java-1.50.0-win32-x64\jre\21.0.9-win32-x86_64\bin\instrument.dll
0x00007fffcf250000 - 0x00007fffcf270000 	c:\Users\ADMIN\.vscode\extensions\redhat.java-1.50.0-win32-x64\jre\21.0.9-win32-x86_64\bin\java.dll
0x00007ff818530000 - 0x00007ff818c7f000 	C:\WINDOWS\System32\SHELL32.dll
0x00007ff816e50000 - 0x00007ff816fba000 	C:\WINDOWS\System32\wintypes.dll
0x00007ff814a60000 - 0x00007ff8152c2000 	C:\WINDOWS\SYSTEM32\windows.storage.dll
0x00007ff818140000 - 0x00007ff818236000 	C:\WINDOWS\System32\SHCORE.dll
0x00007ff819c50000 - 0x00007ff819cb7000 	C:\WINDOWS\System32\shlwapi.dll
0x00007ff816d70000 - 0x00007ff816d98000 	C:\WINDOWS\SYSTEM32\profapi.dll
0x00007fffd0a90000 - 0x00007fffd0aa8000 	c:\Users\ADMIN\.vscode\extensions\redhat.java-1.50.0-win32-x64\jre\21.0.9-win32-x86_64\bin\zip.dll
0x00007fffd0710000 - 0x00007fffd0720000 	C:\Users\ADMIN\.vscode\extensions\redhat.java-1.50.0-win32-x64\jre\21.0.9-win32-x86_64\bin\net.dll
0x00007ff810360000 - 0x00007ff810488000 	C:\WINDOWS\SYSTEM32\WINHTTP.dll
0x00007ff816290000 - 0x00007ff8162fb000 	C:\WINDOWS\system32\mswsock.dll
0x00007fffd06f0000 - 0x00007fffd0706000 	C:\Users\ADMIN\.vscode\extensions\redhat.java-1.50.0-win32-x64\jre\21.0.9-win32-x86_64\bin\nio.dll
0x00007fffd0a70000 - 0x00007fffd0a80000 	c:\Users\ADMIN\.vscode\extensions\redhat.java-1.50.0-win32-x64\jre\21.0.9-win32-x86_64\bin\verify.dll
0x00007fffffe50000 - 0x00007fffffe94000 	C:\Users\ADMIN\AppData\Roaming\Code\User\globalStorage\redhat.java\1.50.0\config_ss_win\org.eclipse.equinox.launcher\org.eclipse.equinox.launcher.win32.win32.x86_64_1.2.1400.v20250801-0854\eclipse_11916.dll
0x00007ff8194c0000 - 0x00007ff819657000 	C:\WINDOWS\System32\ole32.dll

JVMTI agents:
c:\Users\ADMIN\.vscode\extensions\redhat.java-1.50.0-win32-x64\lombok\lombok-1.18.39-4050.jar path:c:\Users\ADMIN\.vscode\extensions\redhat.java-1.50.0-win32-x64\jre\21.0.9-win32-x86_64\bin\instrument.dll, loaded, initialized, instrumentlib options:none

dbghelp: loaded successfully - version: 4.0.5 - missing functions: none
symbol engine: initialized successfully - sym options: 0x614 - pdb path: .;c:\Users\ADMIN\.vscode\extensions\redhat.java-1.50.0-win32-x64\jre\21.0.9-win32-x86_64\bin;C:\WINDOWS\SYSTEM32;C:\WINDOWS\WinSxS\amd64_microsoft.windows.common-controls_6595b64144ccf1df_6.0.26100.7344_none_3e0a71fae332857b;c:\Users\ADMIN\.vscode\extensions\redhat.java-1.50.0-win32-x64\jre\21.0.9-win32-x86_64\bin\server;C:\Users\ADMIN\AppData\Roaming\Code\User\globalStorage\redhat.java\1.50.0\config_ss_win\org.eclipse.equinox.launcher\org.eclipse.equinox.launcher.win32.win32.x86_64_1.2.1400.v20250801-0854

VM Arguments:
jvm_args: --add-modules=ALL-SYSTEM --add-opens=java.base/java.util=ALL-UNNAMED --add-opens=java.base/java.lang=ALL-UNNAMED --add-opens=java.base/sun.nio.fs=ALL-UNNAMED -Declipse.application=org.eclipse.jdt.ls.core.id1 -Dosgi.bundles.defaultStartLevel=4 -Declipse.product=org.eclipse.jdt.ls.core.product -Djava.import.generatesMetadataFilesAtProjectRoot=false -DDetectVMInstallationsJob.disabled=true -Dfile.encoding=utf8 -XX:+UseParallelGC -XX:GCTimeRatio=4 -XX:AdaptiveSizePolicyWeight=90 -Dsun.zip.disableMemoryMapping=true -Xmx2G -Xms100m -Xlog:disable -javaagent:c:\Users\ADMIN\.vscode\extensions\redhat.java-1.50.0-win32-x64\lombok\lombok-1.18.39-4050.jar 
java_command: c:\Users\ADMIN\.vscode\extensions\redhat.java-1.50.0-win32-x64\server\plugins\org.eclipse.equinox.launcher_1.7.100.v20251111-0406.jar -configuration c:\Users\ADMIN\AppData\Roaming\Code\User\globalStorage\redhat.java\1.50.0\config_ss_win -data c:\Users\ADMIN\AppData\Roaming\Code\User\workspaceStorage\55690ea5d12bcb45faa06cd8a99a2d73\redhat.java\ss_ws --pipe=\\.\pipe\lsp-ec8c469349b049d78697e5c6c595f963-sock
java_class_path (initial): c:\Users\ADMIN\.vscode\extensions\redhat.java-1.50.0-win32-x64\server\plugins\org.eclipse.equinox.launcher_1.7.100.v20251111-0406.jar
Launcher Type: SUN_STANDARD

[Global flags]
    uintx AdaptiveSizePolicyWeight                 = 90                                        {product} {command line}
     intx CICompilerCount                          = 12                                        {product} {ergonomic}
    uintx GCTimeRatio                              = 4                                         {product} {command line}
   size_t InitialHeapSize                          = 104857600                                 {product} {command line}
   size_t MaxHeapSize                              = 2147483648                                {product} {command line}
   size_t MaxNewSize                               = 715653120                                 {product} {ergonomic}
   size_t MinHeapDeltaBytes                        = 524288                                    {product} {ergonomic}
   size_t MinHeapSize                              = 104857600                                 {product} {command line}
   size_t NewSize                                  = 34603008                                  {product} {ergonomic}
    uintx NonNMethodCodeHeapSize                   = 7602480                                {pd product} {ergonomic}
    uintx NonProfiledCodeHeapSize                  = 122027880                              {pd product} {ergonomic}
   size_t OldSize                                  = 70254592                                  {product} {ergonomic}
    uintx ProfiledCodeHeapSize                     = 122027880                              {pd product} {ergonomic}
    uintx ReservedCodeCacheSize                    = 251658240                              {pd product} {ergonomic}
     bool SegmentedCodeCache                       = true                                      {product} {ergonomic}
   size_t SoftMaxHeapSize                          = 2147483648                             {manageable} {ergonomic}
     bool UseCompressedOops                        = true                           {product lp64_product} {ergonomic}
     bool UseLargePagesIndividualAllocation        = false                                  {pd product} {ergonomic}
     bool UseParallelGC                            = true                                      {product} {command line}

Logging:
Log output configuration:
 #0: stdout all=off uptime,level,tags foldmultilines=false
 #1: stderr all=off uptime,level,tags foldmultilines=false

Release file:
JAVA_VERSION="21.0.9" 
MODULES="java.base java.compiler java.datatransfer java.xml java.prefs java.desktop java.instrument java.logging java.management java.security.sasl java.naming java.rmi java.management.rmi java.net.http java.scripting java.security.jgss java.transaction.xa java.sql java.sql.rowset java.xml.crypto java.se java.smartcardio jdk.accessibility jdk.internal.jvmstat jdk.attach jdk.charsets jdk.internal.opt jdk.zipfs jdk.compiler jdk.crypto.ec jdk.crypto.cryptoki jdk.crypto.mscapi jdk.dynalink jdk.internal.ed jdk.editpad jdk.hotspot.agent jdk.httpserver jdk.internal.le jdk.internal.vm.ci jdk.internal.vm.compiler jdk.internal.vm.compiler.management jdk.jartool jdk.javadoc jdk.jcmd jdk.management jdk.management.agent jdk.jconsole jdk.jdeps jdk.jdwp.agent jdk.jdi jdk.jfr jdk.jshell jdk.jsobject jdk.jstatd jdk.localedata jdk.management.jfr jdk.naming.dns jdk.naming.rmi jdk.net jdk.nio.mapmode jdk.random jdk.sctp jdk.security.auth jdk.security.jgss jdk.unsupported jdk.unsupported.desktop jdk.xml.dom" 

Environment Variables:
JAVA_HOME=C:\Program Files\Amazon Corretto\jdk21.0.9_10
PATH=C:\Program Files\Amazon Corretto\jdk21.0.9_10\bin;C:\Program Files\Common Files\Oracle\Java\javapath;C:\Program Files (x86)\Common Files\Oracle\Java\javapath;C:\Windows\system32;C:\Windows;C:\Windows\System32\Wbem;C:\Windows\System32\WindowsPowerShell\v1.0\;C:\Windows\System32\OpenSSH\;C:\Program Files (x86)\NVIDIA Corporation\PhysX\Common;C:\Program Files\Microsoft SQL Server\150\Tools\Binn\;C:\Program Files\Microsoft SQL Server\Client SDK\ODBC\170\Tools\Binn\;C:\MinGW\bin;C:\WINDOWS\system32;C:\WINDOWS;C:\WINDOWS\System32\Wbem;C:\WINDOWS\System32\WindowsPowerShell\v1.0\;C:\WINDOWS\System32\OpenSSH\;C:\Program Files\Git\cmd;C:\TDM-GCC-64\bin;C:\TDM-GCC-32\bin;C:\Program Files (x86)\Microsoft SQL Server\150\Tools\Binn\;C:\Program Files\Microsoft SQL Server\150\DTS\Binn\;C:\Users\ADMIN\AppData\Roaming\nvm;C:\Program Files\nodejs;C:\Program Files\NVIDIA Corporation\NVIDIA app\NvDLISR;C:\Users\ADMIN\AppData\Local\Android\Sdk\platform-tools;C:\Users\ADMIN\AppData\Local\Android\Sdk\emulator;C:\Program Files\nodejs\;C:\Program Files\Netbird;C:\Program Files\TortoiseGit\bin;E:\Gradle\gradle-9.1.0\bin;C:\Program Files\Docker\Docker\resources\bin;E:\Software\ffmpeg-8.0.1-full_build\ffmpeg-8.0.1-full_build\bin;C:\WINDOWS\system32\config\systemprofile\AppData\Local\Muse Hub\lib;D:\Software\flutterSDK\flutter_windows_3.29.3-stable\flutter\bin;C:\Program Files\MySQL\MySQL Shell 8.0\bin\;C:\msys64\ucrt64\bin;C:\Users\ADMIN\AppData\Local\Microsoft\WindowsApps;C:\Users\ADMIN\AppData\Local\Programs\Microsoft VS Code\bin;C:\Users\ADMIN\AppData\Roaming\nvm;C:\Program Files\nodejs;C:\Program Files\JetBrains\IntelliJ IDEA 2024.3.4\bin;;C:\Program Files\JetBrains\IntelliJ IDEA Community Edition 2024.3.4\bin;;C:\Users\ADMIN\AppData\Local\Muse Hub\lib;C:\Users\ADMIN\AppData\Roaming\npm
USERNAME=ADMIN
OS=Windows_NT
PROCESSOR_IDENTIFIER=Intel64 Family 6 Model 154 Stepping 3, GenuineIntel
TMP=C:\Users\ADMIN\AppData\Local\Temp
TEMP=C:\Users\ADMIN\AppData\Local\Temp




Periodic native trim disabled

---------------  S Y S T E M  ---------------

OS:
 Windows 11 , 64 bit Build 26100 (10.0.26100.7523)
OS uptime: 0 days 10:04 hours
Hyper-V role detected

CPU: total 20 (initial active 20) (10 cores per cpu, 2 threads per core) family 6 model 154 stepping 3 microcode 0x435, cx8, cmov, fxsr, ht, mmx, 3dnowpref, sse, sse2, sse3, ssse3, sse4.1, sse4.2, popcnt, lzcnt, tsc, tscinvbit, avx, avx2, aes, erms, clmul, bmi1, bmi2, adx, sha, fma, vzeroupper, clflush, clflushopt, clwb, hv, serialize, rdtscp, rdpid, fsrm, f16c, cet_ibt, cet_ss
Processor Information for processor 0
  Max Mhz: 2500, Current Mhz: 2500, Mhz Limit: 2500
Processor Information for processor 1
  Max Mhz: 2500, Current Mhz: 2500, Mhz Limit: 2500
Processor Information for processor 2
  Max Mhz: 2500, Current Mhz: 2500, Mhz Limit: 2500
Processor Information for processor 3
  Max Mhz: 2500, Current Mhz: 2500, Mhz Limit: 2500
Processor Information for processor 4
  Max Mhz: 2500, Current Mhz: 2500, Mhz Limit: 2500
Processor Information for processor 5
  Max Mhz: 2500, Current Mhz: 2500, Mhz Limit: 2500
Processor Information for processor 6
  Max Mhz: 2500, Current Mhz: 2500, Mhz Limit: 2500
Processor Information for processor 7
  Max Mhz: 2500, Current Mhz: 2500, Mhz Limit: 2500
Processor Information for processor 8
  Max Mhz: 2500, Current Mhz: 2500, Mhz Limit: 2500
Processor Information for processor 9
  Max Mhz: 2500, Current Mhz: 2500, Mhz Limit: 2500
Processor Information for processor 10
  Max Mhz: 2500, Current Mhz: 2500, Mhz Limit: 2500
Processor Information for processor 11
  Max Mhz: 2500, Current Mhz: 2500, Mhz Limit: 2500
Processor Information for processor 12
  Max Mhz: 2500, Current Mhz: 1800, Mhz Limit: 1800
Processor Information for processor 13
  Max Mhz: 2500, Current Mhz: 1800, Mhz Limit: 1800
Processor Information for processor 14
  Max Mhz: 2500, Current Mhz: 1800, Mhz Limit: 1800
Processor Information for processor 15
  Max Mhz: 2500, Current Mhz: 1500, Mhz Limit: 1800
Processor Information for processor 16
  Max Mhz: 2500, Current Mhz: 1500, Mhz Limit: 1800
Processor Information for processor 17
  Max Mhz: 2500, Current Mhz: 1500, Mhz Limit: 1800
Processor Information for processor 18
  Max Mhz: 2500, Current Mhz: 1500, Mhz Limit: 1800
Processor Information for processor 19
  Max Mhz: 2500, Current Mhz: 1500, Mhz Limit: 1800

Memory: 4k page, system-wide physical 16108M (1852M free)
TotalPageFile size 44932M (AvailPageFile size 5M)
current process WorkingSet (physical memory assigned to process): 109M, peak: 114M
current process commit charge ("private bytes"): 274M, peak: 279M

vm_info: OpenJDK 64-Bit Server VM (21.0.9+10-LTS) for windows-amd64 JRE (21.0.9+10-LTS), built on 2025-10-21T00:00:00Z by "admin" with unknown MS VC++:1942

END.
